<?xml version="1.0" encoding="UTF-8"?>
<testng-results skipped="0" failed="0" ignored="0" total="1" passed="1">
  <reporter-output>
  </reporter-output>
  <suite name="Default suite" duration-ms="6985" started-at="2021-07-08T02:42:33Z" finished-at="2021-07-08T02:42:40Z">
    <groups>
    </groups>
    <test name="Default test" duration-ms="6985" started-at="2021-07-08T02:42:33Z" finished-at="2021-07-08T02:42:40Z">
      <class name="test.Validate_Testing">
        <test-method status="PASS" signature="validUserShouldBeAbleToValidateTest()[pri:0, instance:test.Validate_Testing@4cc0edeb]" name="validUserShouldBeAbleToValidateTest" duration-ms="6946" started-at="2021-07-08T02:42:33Z" finished-at="2021-07-08T02:42:40Z">
          <reporter-output>
          </reporter-output>
        </test-method> <!-- validUserShouldBeAbleToValidateTest -->
      </class> <!-- test.Validate_Testing -->
    </test> <!-- Default test -->
  </suite> <!-- Default suite -->
</testng-results>
